2023-10-12 21:36:34,139 - root - INFO - New City was has been added to DB
2023-10-12 21:36:34,547 - httpx - INFO - HTTP Request: POST http://testserver/cities/add/ "HTTP/1.1 200 OK"
2023-10-12 21:36:34,933 - httpx - INFO - HTTP Request: GET http://testserver/cities/get/ "HTTP/1.1 200 OK"
2023-10-12 21:36:34,957 - httpx - INFO - HTTP Request: POST http://testserver/picnics/add/ "HTTP/1.1 200 OK"
2023-10-12 21:36:34,974 - httpx - INFO - HTTP Request: GET http://testserver/picnics/get/?past=false&picnic_datetime=2023-10-13T21%3A36%3A34 "HTTP/1.1 200 OK"
2023-10-12 21:36:34,987 - httpx - INFO - HTTP Request: POST http://testserver/registration/add/ "HTTP/1.1 400 Bad Request"
2023-10-12 21:37:45,093 - root - INFO - New City was has been added to DB
2023-10-12 21:37:45,410 - httpx - INFO - HTTP Request: POST http://testserver/cities/add/ "HTTP/1.1 200 OK"
2023-10-12 21:37:45,794 - httpx - INFO - HTTP Request: GET http://testserver/cities/get/ "HTTP/1.1 200 OK"
2023-10-12 21:37:45,810 - httpx - INFO - HTTP Request: POST http://testserver/picnics/add/ "HTTP/1.1 200 OK"
2023-10-12 21:37:45,823 - httpx - INFO - HTTP Request: GET http://testserver/picnics/get/?past=false&picnic_datetime=2023-10-13T21%3A37%3A45 "HTTP/1.1 200 OK"
2023-10-12 21:37:45,836 - httpx - INFO - HTTP Request: POST http://testserver/registration/add/ "HTTP/1.1 400 Bad Request"
2023-10-12 21:41:07,668 - httpx - INFO - HTTP Request: GET http://testserver/picnics/get/?past=false&picnic_datetime= "HTTP/1.1 422 Unprocessable Entity"
2023-10-12 21:41:29,766 - root - INFO - New City was has been added to DB
2023-10-12 21:41:30,182 - httpx - INFO - HTTP Request: POST http://testserver/cities/add/ "HTTP/1.1 200 OK"
2023-10-12 21:41:30,551 - httpx - INFO - HTTP Request: GET http://testserver/cities/get/ "HTTP/1.1 200 OK"
2023-10-12 21:41:30,574 - httpx - INFO - HTTP Request: POST http://testserver/picnics/add/ "HTTP/1.1 200 OK"
2023-10-12 21:41:30,588 - httpx - INFO - HTTP Request: GET http://testserver/picnics/get/?past=false&picnic_datetime=2023-10-13T21%3A41%3A30 "HTTP/1.1 200 OK"
2023-10-12 21:41:30,600 - httpx - INFO - HTTP Request: POST http://testserver/registration/add/ "HTTP/1.1 400 Bad Request"
2023-10-12 21:41:48,641 - httpx - INFO - HTTP Request: GET http://testserver/picnics/get/?past=false&picnic_datetime= "HTTP/1.1 422 Unprocessable Entity"
2023-10-12 21:42:05,146 - root - INFO - New City was has been added to DB
2023-10-12 21:42:05,538 - httpx - INFO - HTTP Request: POST http://testserver/cities/add/ "HTTP/1.1 200 OK"
2023-10-12 21:42:06,690 - httpx - INFO - HTTP Request: GET http://testserver/picnics/get/?past=false&picnic_datetime= "HTTP/1.1 422 Unprocessable Entity"
2023-10-12 21:42:12,906 - root - INFO - New City was has been added to DB
2023-10-12 21:42:13,275 - httpx - INFO - HTTP Request: POST http://testserver/cities/add/ "HTTP/1.1 200 OK"
2023-10-12 21:42:13,681 - httpx - INFO - HTTP Request: GET http://testserver/cities/get/ "HTTP/1.1 200 OK"
2023-10-12 21:42:13,703 - httpx - INFO - HTTP Request: POST http://testserver/picnics/add/ "HTTP/1.1 200 OK"
2023-10-12 21:42:13,720 - httpx - INFO - HTTP Request: GET http://testserver/picnics/get/?past=false&picnic_datetime=2023-10-13T21%3A42%3A13 "HTTP/1.1 200 OK"
2023-10-12 21:42:13,731 - httpx - INFO - HTTP Request: POST http://testserver/registration/add/ "HTTP/1.1 400 Bad Request"
2023-10-12 21:45:22,034 - root - INFO - New City was has been added to DB
2023-10-12 21:45:22,377 - httpx - INFO - HTTP Request: POST http://testserver/cities/add/ "HTTP/1.1 200 OK"
2023-10-12 21:45:22,811 - httpx - INFO - HTTP Request: GET http://testserver/cities/get/ "HTTP/1.1 200 OK"
2023-10-12 21:45:22,835 - httpx - INFO - HTTP Request: POST http://testserver/picnics/add/ "HTTP/1.1 200 OK"
2023-10-12 21:45:22,852 - httpx - INFO - HTTP Request: GET http://testserver/picnics/get/?past=false&picnic_datetime=2023-10-13T21%3A45%3A22 "HTTP/1.1 200 OK"
2023-10-12 21:45:22,862 - httpx - INFO - HTTP Request: POST http://testserver/registration/add/ "HTTP/1.1 400 Bad Request"
2023-10-12 21:47:05,309 - root - INFO - New City was has been added to DB
2023-10-12 21:47:05,687 - httpx - INFO - HTTP Request: POST http://testserver/cities/add/ "HTTP/1.1 200 OK"
2023-10-12 21:47:06,091 - httpx - INFO - HTTP Request: GET http://testserver/cities/get/ "HTTP/1.1 200 OK"
2023-10-12 21:47:06,114 - httpx - INFO - HTTP Request: POST http://testserver/picnics/add/ "HTTP/1.1 200 OK"
2023-10-12 21:47:06,129 - httpx - INFO - HTTP Request: GET http://testserver/picnics/get/?past=false&picnic_datetime=2023-10-13T21%3A47%3A06 "HTTP/1.1 200 OK"
2023-10-12 21:47:06,141 - httpx - INFO - HTTP Request: POST http://testserver/registration/add/ "HTTP/1.1 400 Bad Request"
2023-10-12 21:52:11,888 - root - INFO - New City was has been added to DB
2023-10-12 21:52:12,340 - httpx - INFO - HTTP Request: POST http://testserver/cities/add/ "HTTP/1.1 200 OK"
2023-10-12 21:52:12,721 - httpx - INFO - HTTP Request: GET http://testserver/cities/get/ "HTTP/1.1 200 OK"
2023-10-12 21:52:12,744 - httpx - INFO - HTTP Request: POST http://testserver/picnics/add/ "HTTP/1.1 200 OK"
2023-10-12 21:52:12,759 - httpx - INFO - HTTP Request: GET http://testserver/picnics/get/?past=false&picnic_datetime=2023-10-13T21%3A52%3A12 "HTTP/1.1 200 OK"
2023-10-12 21:52:12,771 - httpx - INFO - HTTP Request: POST http://testserver/registration/add/ "HTTP/1.1 400 Bad Request"
2023-10-12 21:54:09,998 - root - INFO - New City was has been added to DB
2023-10-12 21:54:10,374 - httpx - INFO - HTTP Request: POST http://testserver/cities/add/ "HTTP/1.1 200 OK"
2023-10-12 21:54:10,736 - httpx - INFO - HTTP Request: GET http://testserver/cities/get/ "HTTP/1.1 200 OK"
2023-10-12 21:54:10,761 - httpx - INFO - HTTP Request: POST http://testserver/picnics/add/ "HTTP/1.1 200 OK"
2023-10-12 21:54:10,776 - httpx - INFO - HTTP Request: GET http://testserver/picnics/get/?past=false&picnic_datetime=2023-10-13T21%3A54%3A10 "HTTP/1.1 200 OK"
2023-10-12 21:54:10,787 - httpx - INFO - HTTP Request: POST http://testserver/registration/add/ "HTTP/1.1 400 Bad Request"
2023-10-12 21:54:10,917 - httpx - INFO - HTTP Request: POST http://testserver/users/add/ "HTTP/1.1 200 OK"
2023-10-12 21:55:00,403 - root - INFO - New City was has been added to DB
2023-10-12 21:55:00,840 - httpx - INFO - HTTP Request: POST http://testserver/cities/add/ "HTTP/1.1 200 OK"
2023-10-12 21:55:01,249 - httpx - INFO - HTTP Request: GET http://testserver/cities/get/ "HTTP/1.1 200 OK"
2023-10-12 21:55:01,271 - httpx - INFO - HTTP Request: POST http://testserver/picnics/add/ "HTTP/1.1 200 OK"
2023-10-12 21:55:01,287 - httpx - INFO - HTTP Request: GET http://testserver/picnics/get/?past=false&picnic_datetime=2023-10-13T21%3A55%3A01 "HTTP/1.1 200 OK"
2023-10-12 21:55:01,300 - httpx - INFO - HTTP Request: POST http://testserver/users/add/ "HTTP/1.1 200 OK"
2023-10-12 21:55:01,314 - httpx - INFO - HTTP Request: POST http://testserver/registration/add/ "HTTP/1.1 200 OK"
2023-10-12 21:55:01,324 - httpx - INFO - HTTP Request: POST http://testserver/users/add/ "HTTP/1.1 200 OK"
2023-10-12 21:55:16,194 - root - INFO - New City was has been added to DB
2023-10-12 21:55:16,588 - httpx - INFO - HTTP Request: POST http://testserver/cities/add/ "HTTP/1.1 200 OK"
2023-10-12 21:55:16,957 - httpx - INFO - HTTP Request: GET http://testserver/cities/get/ "HTTP/1.1 200 OK"
2023-10-12 21:55:16,973 - httpx - INFO - HTTP Request: POST http://testserver/picnics/add/ "HTTP/1.1 200 OK"
2023-10-12 21:55:16,988 - httpx - INFO - HTTP Request: GET http://testserver/picnics/get/?past=false&picnic_datetime=2023-10-13T21%3A55%3A16 "HTTP/1.1 200 OK"
2023-10-12 21:55:17,002 - httpx - INFO - HTTP Request: POST http://testserver/users/add/ "HTTP/1.1 200 OK"
2023-10-12 21:55:17,016 - httpx - INFO - HTTP Request: POST http://testserver/registration/add/ "HTTP/1.1 200 OK"
2023-10-12 21:55:17,027 - httpx - INFO - HTTP Request: POST http://testserver/users/add/ "HTTP/1.1 200 OK"
2023-10-12 21:55:42,459 - root - INFO - New City was has been added to DB
2023-10-12 21:55:42,806 - httpx - INFO - HTTP Request: POST http://testserver/cities/add/ "HTTP/1.1 200 OK"
2023-10-12 21:55:43,174 - httpx - INFO - HTTP Request: GET http://testserver/cities/get/ "HTTP/1.1 200 OK"
2023-10-12 21:55:43,190 - httpx - INFO - HTTP Request: POST http://testserver/picnics/add/ "HTTP/1.1 200 OK"
2023-10-12 21:55:43,205 - httpx - INFO - HTTP Request: GET http://testserver/picnics/get/?past=false&picnic_datetime=2023-10-13T21%3A55%3A43 "HTTP/1.1 200 OK"
2023-10-12 21:55:43,216 - httpx - INFO - HTTP Request: POST http://testserver/registration/add/ "HTTP/1.1 400 Bad Request"
2023-10-12 21:55:43,350 - httpx - INFO - HTTP Request: POST http://testserver/users/add/ "HTTP/1.1 200 OK"
2023-10-12 21:56:08,511 - root - INFO - New City was has been added to DB
2023-10-12 21:56:08,910 - httpx - INFO - HTTP Request: POST http://testserver/cities/add/ "HTTP/1.1 200 OK"
2023-10-12 21:56:09,301 - httpx - INFO - HTTP Request: GET http://testserver/cities/get/ "HTTP/1.1 200 OK"
2023-10-12 21:56:09,326 - httpx - INFO - HTTP Request: POST http://testserver/picnics/add/ "HTTP/1.1 200 OK"
2023-10-12 21:56:09,340 - httpx - INFO - HTTP Request: GET http://testserver/picnics/get/?past=false&picnic_datetime=2023-10-13T21%3A56%3A09 "HTTP/1.1 200 OK"
2023-10-12 21:56:09,353 - httpx - INFO - HTTP Request: POST http://testserver/users/add/ "HTTP/1.1 200 OK"
2023-10-12 21:56:09,367 - httpx - INFO - HTTP Request: POST http://testserver/registration/add/ "HTTP/1.1 200 OK"
2023-10-12 21:56:09,378 - httpx - INFO - HTTP Request: POST http://testserver/users/add/ "HTTP/1.1 200 OK"
2023-10-12 21:57:30,818 - root - INFO - New City was has been added to DB
2023-10-12 21:57:31,249 - httpx - INFO - HTTP Request: POST http://testserver/cities/add/ "HTTP/1.1 200 OK"
2023-10-12 21:57:31,684 - httpx - INFO - HTTP Request: GET http://testserver/cities/get/ "HTTP/1.1 200 OK"
2023-10-12 21:57:31,700 - httpx - INFO - HTTP Request: POST http://testserver/picnics/add/ "HTTP/1.1 200 OK"
2023-10-12 21:57:31,714 - httpx - INFO - HTTP Request: GET http://testserver/picnics/get/?past=false&picnic_datetime=2023-10-13T21%3A57%3A31 "HTTP/1.1 200 OK"
2023-10-12 21:57:31,730 - httpx - INFO - HTTP Request: POST http://testserver/users/add/ "HTTP/1.1 200 OK"
2023-10-12 21:57:31,743 - httpx - INFO - HTTP Request: POST http://testserver/registration/add/ "HTTP/1.1 200 OK"
2023-10-12 21:57:31,755 - httpx - INFO - HTTP Request: POST http://testserver/users/add/ "HTTP/1.1 200 OK"
2023-10-12 21:57:48,997 - root - INFO - New City was has been added to DB
2023-10-12 21:57:49,367 - httpx - INFO - HTTP Request: POST http://testserver/cities/add/ "HTTP/1.1 200 OK"
2023-10-12 21:57:49,746 - httpx - INFO - HTTP Request: GET http://testserver/cities/get/ "HTTP/1.1 200 OK"
2023-10-12 21:57:49,770 - httpx - INFO - HTTP Request: POST http://testserver/picnics/add/ "HTTP/1.1 200 OK"
2023-10-12 21:57:49,785 - httpx - INFO - HTTP Request: GET http://testserver/picnics/get/?past=false&picnic_datetime=2023-10-13T21%3A57%3A49 "HTTP/1.1 200 OK"
2023-10-12 21:57:49,798 - httpx - INFO - HTTP Request: POST http://testserver/users/add/ "HTTP/1.1 200 OK"
2023-10-12 21:57:49,813 - httpx - INFO - HTTP Request: POST http://testserver/registration/add/ "HTTP/1.1 200 OK"
2023-10-12 21:57:49,826 - httpx - INFO - HTTP Request: POST http://testserver/users/add/ "HTTP/1.1 200 OK"
2023-10-12 21:58:34,726 - root - INFO - New City was has been added to DB
2023-10-12 21:58:35,077 - httpx - INFO - HTTP Request: POST http://testserver/cities/add/ "HTTP/1.1 200 OK"
2023-10-12 21:58:35,550 - httpx - INFO - HTTP Request: GET http://testserver/cities/get/ "HTTP/1.1 200 OK"
2023-10-12 21:58:35,566 - httpx - INFO - HTTP Request: POST http://testserver/picnics/add/ "HTTP/1.1 200 OK"
2023-10-12 21:58:35,581 - httpx - INFO - HTTP Request: GET http://testserver/picnics/get/?past=false&picnic_datetime=2023-10-13T21%3A58%3A35 "HTTP/1.1 200 OK"
2023-10-12 21:58:35,592 - httpx - INFO - HTTP Request: POST http://testserver/registration/add/ "HTTP/1.1 400 Bad Request"
2023-10-12 21:58:35,726 - httpx - INFO - HTTP Request: POST http://testserver/users/add/ "HTTP/1.1 200 OK"
2023-10-12 21:59:07,305 - root - INFO - New City was has been added to DB
2023-10-12 21:59:07,679 - httpx - INFO - HTTP Request: POST http://testserver/cities/add/ "HTTP/1.1 200 OK"
2023-10-12 21:59:08,054 - httpx - INFO - HTTP Request: GET http://testserver/cities/get/ "HTTP/1.1 200 OK"
2023-10-12 21:59:08,071 - httpx - INFO - HTTP Request: POST http://testserver/picnics/add/ "HTTP/1.1 200 OK"
2023-10-12 21:59:08,086 - httpx - INFO - HTTP Request: GET http://testserver/picnics/get/?past=false&picnic_datetime=2023-10-13T21%3A59%3A08 "HTTP/1.1 200 OK"
2023-10-12 21:59:08,100 - httpx - INFO - HTTP Request: POST http://testserver/users/add/ "HTTP/1.1 200 OK"
2023-10-12 21:59:08,115 - httpx - INFO - HTTP Request: POST http://testserver/registration/add/ "HTTP/1.1 200 OK"
2023-10-12 21:59:08,125 - httpx - INFO - HTTP Request: POST http://testserver/users/add/ "HTTP/1.1 200 OK"
2023-10-12 22:00:28,336 - root - INFO - New City was has been added to DB
2023-10-12 22:00:28,729 - httpx - INFO - HTTP Request: POST http://testserver/cities/add/ "HTTP/1.1 200 OK"
2023-10-12 22:00:29,185 - httpx - INFO - HTTP Request: GET http://testserver/cities/get/ "HTTP/1.1 200 OK"
2023-10-12 22:00:29,209 - httpx - INFO - HTTP Request: POST http://testserver/picnics/add/ "HTTP/1.1 200 OK"
2023-10-12 22:00:29,224 - httpx - INFO - HTTP Request: GET http://testserver/picnics/get/?past=false&picnic_datetime=2023-10-13T22%3A00%3A29 "HTTP/1.1 200 OK"
2023-10-12 22:00:29,238 - httpx - INFO - HTTP Request: POST http://testserver/users/add/ "HTTP/1.1 200 OK"
2023-10-12 22:00:29,252 - httpx - INFO - HTTP Request: POST http://testserver/registration/add/ "HTTP/1.1 200 OK"
2023-10-12 22:00:29,374 - httpx - INFO - HTTP Request: POST http://testserver/users/add/ "HTTP/1.1 200 OK"
2023-10-12 22:01:00,020 - root - INFO - New City was has been added to DB
2023-10-12 22:01:00,463 - httpx - INFO - HTTP Request: POST http://testserver/cities/add/ "HTTP/1.1 200 OK"
2023-10-12 22:01:00,819 - httpx - INFO - HTTP Request: GET http://testserver/cities/get/ "HTTP/1.1 200 OK"
2023-10-12 22:01:00,835 - httpx - INFO - HTTP Request: POST http://testserver/picnics/add/ "HTTP/1.1 200 OK"
2023-10-12 22:01:00,851 - httpx - INFO - HTTP Request: GET http://testserver/picnics/get/?past=false&picnic_datetime=2023-10-13T22%3A01%3A00 "HTTP/1.1 200 OK"
2023-10-12 22:01:00,864 - httpx - INFO - HTTP Request: POST http://testserver/users/add/ "HTTP/1.1 200 OK"
2023-10-12 22:01:00,878 - httpx - INFO - HTTP Request: POST http://testserver/registration/add/ "HTTP/1.1 200 OK"
2023-10-12 22:01:00,889 - httpx - INFO - HTTP Request: POST http://testserver/users/add/ "HTTP/1.1 200 OK"
2023-10-12 22:01:25,162 - root - INFO - New City was has been added to DB
2023-10-12 22:01:25,499 - httpx - INFO - HTTP Request: POST http://testserver/cities/add/ "HTTP/1.1 200 OK"
2023-10-12 22:01:25,869 - httpx - INFO - HTTP Request: GET http://testserver/cities/get/ "HTTP/1.1 200 OK"
2023-10-12 22:01:25,893 - httpx - INFO - HTTP Request: POST http://testserver/picnics/add/ "HTTP/1.1 200 OK"
2023-10-12 22:01:25,908 - httpx - INFO - HTTP Request: GET http://testserver/picnics/get/?past=false&picnic_datetime=2023-10-13T22%3A01%3A25 "HTTP/1.1 200 OK"
2023-10-12 22:01:25,921 - httpx - INFO - HTTP Request: POST http://testserver/users/add/ "HTTP/1.1 200 OK"
2023-10-12 22:01:25,935 - httpx - INFO - HTTP Request: POST http://testserver/registration/add/ "HTTP/1.1 200 OK"
2023-10-12 22:01:25,945 - httpx - INFO - HTTP Request: POST http://testserver/users/add/ "HTTP/1.1 200 OK"
2023-10-12 22:01:48,631 - root - INFO - New City was has been added to DB
2023-10-12 22:01:49,025 - httpx - INFO - HTTP Request: POST http://testserver/cities/add/ "HTTP/1.1 200 OK"
2023-10-12 22:01:49,404 - httpx - INFO - HTTP Request: GET http://testserver/cities/get/ "HTTP/1.1 200 OK"
2023-10-12 22:01:49,419 - httpx - INFO - HTTP Request: POST http://testserver/picnics/add/ "HTTP/1.1 200 OK"
2023-10-12 22:01:49,434 - httpx - INFO - HTTP Request: GET http://testserver/picnics/get/?past=false&picnic_datetime=2023-10-13T22%3A01%3A49 "HTTP/1.1 200 OK"
2023-10-12 22:01:49,446 - httpx - INFO - HTTP Request: POST http://testserver/users/add/ "HTTP/1.1 200 OK"
2023-10-12 22:01:49,574 - httpx - INFO - HTTP Request: POST http://testserver/registration/add/ "HTTP/1.1 200 OK"
2023-10-12 22:01:49,585 - httpx - INFO - HTTP Request: POST http://testserver/users/add/ "HTTP/1.1 200 OK"
2023-10-12 22:02:11,454 - root - INFO - New City was has been added to DB
2023-10-12 22:02:11,878 - httpx - INFO - HTTP Request: POST http://testserver/cities/add/ "HTTP/1.1 200 OK"
2023-10-12 22:02:12,278 - httpx - INFO - HTTP Request: GET http://testserver/cities/get/ "HTTP/1.1 200 OK"
2023-10-12 22:02:12,302 - httpx - INFO - HTTP Request: POST http://testserver/picnics/add/ "HTTP/1.1 200 OK"
2023-10-12 22:02:12,318 - httpx - INFO - HTTP Request: GET http://testserver/picnics/get/?past=false&picnic_datetime=2023-10-13T22%3A02%3A12 "HTTP/1.1 200 OK"
2023-10-12 22:02:12,332 - httpx - INFO - HTTP Request: POST http://testserver/users/add/ "HTTP/1.1 200 OK"
2023-10-12 22:02:12,346 - httpx - INFO - HTTP Request: POST http://testserver/registration/add/ "HTTP/1.1 200 OK"
2023-10-12 22:02:12,356 - httpx - INFO - HTTP Request: POST http://testserver/users/add/ "HTTP/1.1 200 OK"
2023-10-12 22:02:42,236 - root - INFO - New City was has been added to DB
2023-10-12 22:02:42,650 - httpx - INFO - HTTP Request: POST http://testserver/cities/add/ "HTTP/1.1 200 OK"
2023-10-12 22:02:43,047 - httpx - INFO - HTTP Request: GET http://testserver/cities/get/ "HTTP/1.1 200 OK"
2023-10-12 22:02:43,062 - httpx - INFO - HTTP Request: POST http://testserver/picnics/add/ "HTTP/1.1 200 OK"
2023-10-12 22:02:43,077 - httpx - INFO - HTTP Request: GET http://testserver/picnics/get/?past=false&picnic_datetime=2023-10-13T22%3A02%3A43 "HTTP/1.1 200 OK"
2023-10-12 22:02:43,091 - httpx - INFO - HTTP Request: POST http://testserver/users/add/ "HTTP/1.1 200 OK"
2023-10-12 22:02:43,101 - httpx - INFO - HTTP Request: POST http://testserver/users/add/ "HTTP/1.1 200 OK"
2023-10-12 22:04:24,935 - root - INFO - New City was has been added to DB
2023-10-12 22:04:25,332 - httpx - INFO - HTTP Request: POST http://testserver/cities/add/ "HTTP/1.1 200 OK"
2023-10-12 22:04:25,759 - httpx - INFO - HTTP Request: GET http://testserver/cities/get/ "HTTP/1.1 200 OK"
2023-10-12 22:04:25,783 - httpx - INFO - HTTP Request: POST http://testserver/picnics/add/ "HTTP/1.1 200 OK"
2023-10-12 22:04:25,797 - httpx - INFO - HTTP Request: GET http://testserver/picnics/get/?past=false&picnic_datetime=2023-10-13T22%3A04%3A25 "HTTP/1.1 200 OK"
2023-10-12 22:04:25,810 - httpx - INFO - HTTP Request: POST http://testserver/users/add/ "HTTP/1.1 200 OK"
2023-10-12 22:04:25,822 - httpx - INFO - HTTP Request: POST http://testserver/users/add/ "HTTP/1.1 200 OK"
2023-10-12 22:07:29,930 - root - INFO - New City was has been added to DB
2023-10-12 22:07:30,310 - httpx - INFO - HTTP Request: POST http://testserver/cities/add/ "HTTP/1.1 200 OK"
2023-10-12 22:07:30,674 - httpx - INFO - HTTP Request: GET http://testserver/cities/get/ "HTTP/1.1 200 OK"
2023-10-12 22:07:30,690 - httpx - INFO - HTTP Request: POST http://testserver/picnics/add/ "HTTP/1.1 200 OK"
2023-10-12 22:07:30,705 - httpx - INFO - HTTP Request: GET http://testserver/picnics/get/?past=false&picnic_datetime=2023-10-13T22%3A07%3A30 "HTTP/1.1 200 OK"
2023-10-12 22:07:30,719 - httpx - INFO - HTTP Request: POST http://testserver/users/add/ "HTTP/1.1 200 OK"
2023-10-12 22:07:30,730 - httpx - INFO - HTTP Request: POST http://testserver/users/add/ "HTTP/1.1 200 OK"
2023-10-12 22:07:30,855 - httpx - INFO - HTTP Request: GET http://testserver/users/get/?min_age=10&max_age=50 "HTTP/1.1 200 OK"
2023-10-12 22:07:45,057 - root - INFO - New City was has been added to DB
2023-10-12 22:07:45,444 - httpx - INFO - HTTP Request: POST http://testserver/cities/add/ "HTTP/1.1 200 OK"
2023-10-12 22:07:45,806 - httpx - INFO - HTTP Request: GET http://testserver/cities/get/ "HTTP/1.1 200 OK"
2023-10-12 22:07:45,828 - httpx - INFO - HTTP Request: POST http://testserver/picnics/add/ "HTTP/1.1 200 OK"
2023-10-12 22:07:45,844 - httpx - INFO - HTTP Request: GET http://testserver/picnics/get/?past=false&picnic_datetime=2023-10-13T22%3A07%3A45 "HTTP/1.1 200 OK"
2023-10-12 22:07:45,857 - httpx - INFO - HTTP Request: POST http://testserver/users/add/ "HTTP/1.1 200 OK"
2023-10-12 22:07:45,868 - httpx - INFO - HTTP Request: POST http://testserver/users/add/ "HTTP/1.1 200 OK"
2023-10-12 22:07:45,877 - httpx - INFO - HTTP Request: GET http://testserver/users/get/?min_age=10&max_age=50 "HTTP/1.1 200 OK"
2023-10-12 22:08:19,696 - root - INFO - New City was has been added to DB
2023-10-12 22:08:20,115 - httpx - INFO - HTTP Request: POST http://testserver/cities/add/ "HTTP/1.1 200 OK"
2023-10-12 22:08:20,496 - httpx - INFO - HTTP Request: GET http://testserver/cities/get/ "HTTP/1.1 200 OK"
2023-10-12 22:08:20,510 - httpx - INFO - HTTP Request: POST http://testserver/picnics/add/ "HTTP/1.1 200 OK"
2023-10-12 22:08:20,525 - httpx - INFO - HTTP Request: GET http://testserver/picnics/get/?past=false&picnic_datetime=2023-10-13T22%3A08%3A20 "HTTP/1.1 200 OK"
2023-10-12 22:08:20,538 - httpx - INFO - HTTP Request: POST http://testserver/users/add/ "HTTP/1.1 200 OK"
2023-10-12 22:08:20,548 - httpx - INFO - HTTP Request: POST http://testserver/users/add/ "HTTP/1.1 200 OK"
2023-10-12 22:08:20,556 - httpx - INFO - HTTP Request: GET http://testserver/users/get/?min_age=10&max_age=50 "HTTP/1.1 200 OK"
2023-10-12 22:08:28,465 - root - INFO - New City was has been added to DB
2023-10-12 22:08:28,885 - httpx - INFO - HTTP Request: POST http://testserver/cities/add/ "HTTP/1.1 200 OK"
2023-10-12 22:08:29,289 - httpx - INFO - HTTP Request: GET http://testserver/cities/get/ "HTTP/1.1 200 OK"
2023-10-12 22:08:29,305 - httpx - INFO - HTTP Request: POST http://testserver/picnics/add/ "HTTP/1.1 200 OK"
2023-10-12 22:08:29,320 - httpx - INFO - HTTP Request: GET http://testserver/picnics/get/?past=false&picnic_datetime=2023-10-13T22%3A08%3A29 "HTTP/1.1 200 OK"
2023-10-12 22:08:29,333 - httpx - INFO - HTTP Request: POST http://testserver/users/add/ "HTTP/1.1 200 OK"
2023-10-12 22:08:29,344 - httpx - INFO - HTTP Request: POST http://testserver/users/add/ "HTTP/1.1 200 OK"
2023-10-12 22:08:29,354 - httpx - INFO - HTTP Request: GET http://testserver/users/get/?min_age=10&max_age=50 "HTTP/1.1 200 OK"
2023-10-12 22:10:08,077 - root - INFO - New City was has been added to DB
2023-10-12 22:10:08,498 - httpx - INFO - HTTP Request: POST http://testserver/cities/add/ "HTTP/1.1 200 OK"
2023-10-12 22:10:08,871 - httpx - INFO - HTTP Request: GET http://testserver/cities/get/ "HTTP/1.1 200 OK"
2023-10-12 22:10:08,895 - httpx - INFO - HTTP Request: POST http://testserver/picnics/add/ "HTTP/1.1 200 OK"
2023-10-12 22:10:08,909 - httpx - INFO - HTTP Request: GET http://testserver/picnics/get/?past=false&picnic_datetime=2023-10-13T22%3A10%3A08 "HTTP/1.1 200 OK"
2023-10-12 22:10:08,924 - httpx - INFO - HTTP Request: POST http://testserver/users/add/ "HTTP/1.1 200 OK"
2023-10-12 22:10:08,933 - httpx - INFO - HTTP Request: GET http://testserver/users/get/?min_age=10&max_age=50 "HTTP/1.1 200 OK"
2023-10-12 22:26:49,992 - root - INFO - New City was has been added to DB
2023-10-12 22:26:50,376 - httpx - INFO - HTTP Request: POST http://testserver/cities/add/ "HTTP/1.1 200 OK"
2023-10-12 22:26:50,402 - httpx - INFO - HTTP Request: POST http://testserver/picnics/add/ "HTTP/1.1 200 OK"
2023-10-12 22:26:50,418 - httpx - INFO - HTTP Request: GET http://testserver/picnics/get/?past=false&picnic_datetime=2023-10-13T22%3A26%3A50 "HTTP/1.1 200 OK"
2023-10-12 22:27:20,326 - root - INFO - New City was has been added to DB
2023-10-12 22:27:20,674 - httpx - INFO - HTTP Request: POST http://testserver/cities/add/ "HTTP/1.1 200 OK"
2023-10-12 22:27:21,093 - httpx - INFO - HTTP Request: GET http://testserver/cities/get/ "HTTP/1.1 200 OK"
2023-10-12 22:27:21,116 - httpx - INFO - HTTP Request: POST http://testserver/picnics/add/ "HTTP/1.1 200 OK"
2023-10-12 22:27:21,132 - httpx - INFO - HTTP Request: GET http://testserver/picnics/get/?past=false&picnic_datetime=2023-10-13T22%3A27%3A21 "HTTP/1.1 200 OK"
2023-10-12 22:27:21,143 - httpx - INFO - HTTP Request: POST http://testserver/registration/add/ "HTTP/1.1 400 Bad Request"
2023-10-12 22:27:21,272 - httpx - INFO - HTTP Request: POST http://testserver/users/add/ "HTTP/1.1 200 OK"
2023-10-12 22:27:21,281 - httpx - INFO - HTTP Request: GET http://testserver/users/get/?min_age=10&max_age=50 "HTTP/1.1 200 OK"
2023-10-12 22:28:50,371 - root - INFO - New City was has been added to DB
2023-10-12 22:28:50,725 - httpx - INFO - HTTP Request: POST http://testserver/cities/add/ "HTTP/1.1 200 OK"
2023-10-12 22:28:51,081 - httpx - INFO - HTTP Request: GET http://testserver/cities/get/ "HTTP/1.1 200 OK"
2023-10-12 22:28:51,097 - httpx - INFO - HTTP Request: POST http://testserver/picnics/add/ "HTTP/1.1 200 OK"
2023-10-12 22:28:51,112 - httpx - INFO - HTTP Request: GET http://testserver/picnics/get/?past=false&picnic_datetime=2023-10-13T22%3A28%3A51 "HTTP/1.1 200 OK"
2023-10-12 22:28:51,125 - httpx - INFO - HTTP Request: POST http://testserver/registration/add/ "HTTP/1.1 400 Bad Request"
2023-10-12 22:28:51,259 - httpx - INFO - HTTP Request: POST http://testserver/users/add/ "HTTP/1.1 200 OK"
2023-10-12 22:28:51,267 - httpx - INFO - HTTP Request: GET http://testserver/users/get/?min_age=10&max_age=50 "HTTP/1.1 200 OK"
2023-10-12 22:30:00,468 - root - INFO - New City was has been added to DB
2023-10-12 22:30:00,855 - httpx - INFO - HTTP Request: POST http://testserver/cities/add/ "HTTP/1.1 200 OK"
2023-10-12 22:30:01,234 - httpx - INFO - HTTP Request: GET http://testserver/cities/get/ "HTTP/1.1 200 OK"
2023-10-12 22:30:01,256 - httpx - INFO - HTTP Request: POST http://testserver/picnics/add/ "HTTP/1.1 200 OK"
2023-10-12 22:30:01,271 - httpx - INFO - HTTP Request: GET http://testserver/picnics/get/?past=false&picnic_datetime=2023-10-13T22%3A30%3A01 "HTTP/1.1 200 OK"
2023-10-12 22:30:01,282 - httpx - INFO - HTTP Request: POST http://testserver/registration/add/ "HTTP/1.1 400 Bad Request"
2023-10-12 22:30:01,412 - httpx - INFO - HTTP Request: POST http://testserver/users/add/ "HTTP/1.1 200 OK"
2023-10-12 22:30:01,421 - httpx - INFO - HTTP Request: GET http://testserver/users/get/?min_age=10&max_age=50 "HTTP/1.1 200 OK"
2023-10-12 22:34:38,597 - root - INFO - New City was has been added to DB
2023-10-12 22:34:38,962 - httpx - INFO - HTTP Request: POST http://testserver/cities/add/ "HTTP/1.1 200 OK"
2023-10-12 22:34:39,360 - httpx - INFO - HTTP Request: GET http://testserver/cities/get/ "HTTP/1.1 200 OK"
2023-10-12 22:34:39,375 - httpx - INFO - HTTP Request: POST http://testserver/picnics/add/ "HTTP/1.1 200 OK"
2023-10-12 22:34:39,391 - httpx - INFO - HTTP Request: GET http://testserver/picnics/get/?past=false&picnic_datetime=2023-10-13T22%3A34%3A39 "HTTP/1.1 200 OK"
2023-10-12 22:34:39,405 - httpx - INFO - HTTP Request: POST http://testserver/users/add/ "HTTP/1.1 200 OK"
2023-10-12 22:34:39,420 - httpx - INFO - HTTP Request: POST http://testserver/registration/add/ "HTTP/1.1 200 OK"
2023-10-12 22:34:39,431 - httpx - INFO - HTTP Request: POST http://testserver/users/add/ "HTTP/1.1 200 OK"
2023-10-12 22:34:39,561 - httpx - INFO - HTTP Request: GET http://testserver/users/get/?min_age=10&max_age=50 "HTTP/1.1 200 OK"
2023-10-12 22:38:14,538 - root - INFO - New City was has been added to DB
2023-10-12 22:38:14,917 - httpx - INFO - HTTP Request: POST http://testserver/cities/add/ "HTTP/1.1 200 OK"
2023-10-12 22:38:15,354 - httpx - INFO - HTTP Request: GET http://testserver/cities/get/ "HTTP/1.1 200 OK"
2023-10-12 22:38:15,368 - httpx - INFO - HTTP Request: POST http://testserver/picnics/add/ "HTTP/1.1 200 OK"
2023-10-12 22:38:15,383 - httpx - INFO - HTTP Request: GET http://testserver/picnics/get/?past=false&picnic_datetime=2023-10-13T22%3A38%3A15 "HTTP/1.1 200 OK"
2023-10-12 22:38:15,396 - httpx - INFO - HTTP Request: POST http://testserver/registration/add/ "HTTP/1.1 400 Bad Request"
2023-10-12 22:38:15,523 - httpx - INFO - HTTP Request: POST http://testserver/users/add/ "HTTP/1.1 200 OK"
2023-10-12 22:38:15,530 - httpx - INFO - HTTP Request: GET http://testserver/users/get/?min_age=10&max_age=50 "HTTP/1.1 200 OK"
2023-10-12 22:39:24,568 - root - INFO - New City was has been added to DB
2023-10-12 22:39:24,963 - httpx - INFO - HTTP Request: POST http://testserver/cities/add/ "HTTP/1.1 200 OK"
2023-10-12 22:39:25,321 - httpx - INFO - HTTP Request: GET http://testserver/cities/get/ "HTTP/1.1 200 OK"
2023-10-12 22:39:25,337 - httpx - INFO - HTTP Request: POST http://testserver/picnics/add/ "HTTP/1.1 200 OK"
2023-10-12 22:39:25,351 - httpx - INFO - HTTP Request: GET http://testserver/picnics/get/?past=false&picnic_datetime=2023-10-13T22%3A39%3A25 "HTTP/1.1 200 OK"
2023-10-12 22:39:25,362 - httpx - INFO - HTTP Request: POST http://testserver/registration/add/ "HTTP/1.1 400 Bad Request"
2023-10-12 22:39:25,502 - httpx - INFO - HTTP Request: POST http://testserver/users/add/ "HTTP/1.1 200 OK"
2023-10-12 22:39:25,510 - httpx - INFO - HTTP Request: GET http://testserver/users/get/?min_age=10&max_age=50 "HTTP/1.1 200 OK"
2023-10-12 22:39:48,774 - root - INFO - New City was has been added to DB
2023-10-12 22:39:49,168 - httpx - INFO - HTTP Request: POST http://testserver/cities/add/ "HTTP/1.1 200 OK"
2023-10-12 22:39:49,518 - httpx - INFO - HTTP Request: GET http://testserver/cities/get/ "HTTP/1.1 200 OK"
2023-10-12 22:39:49,534 - httpx - INFO - HTTP Request: POST http://testserver/picnics/add/ "HTTP/1.1 200 OK"
2023-10-12 22:39:49,549 - httpx - INFO - HTTP Request: GET http://testserver/picnics/get/?past=false&picnic_datetime=2023-10-13T22%3A39%3A49 "HTTP/1.1 200 OK"
2023-10-12 22:40:26,710 - root - INFO - New City was has been added to DB
2023-10-12 22:40:27,123 - httpx - INFO - HTTP Request: POST http://testserver/cities/add/ "HTTP/1.1 200 OK"
2023-10-12 22:40:27,468 - httpx - INFO - HTTP Request: GET http://testserver/cities/get/ "HTTP/1.1 200 OK"
2023-10-12 22:40:27,484 - httpx - INFO - HTTP Request: POST http://testserver/picnics/add/ "HTTP/1.1 200 OK"
2023-10-12 22:40:27,498 - httpx - INFO - HTTP Request: GET http://testserver/picnics/get/?past=false&picnic_datetime=2023-10-13T22%3A40%3A27 "HTTP/1.1 200 OK"
2023-10-12 22:42:15,490 - root - INFO - New City was has been added to DB
2023-10-12 22:42:16,230 - httpx - INFO - HTTP Request: POST http://testserver/cities/add/ "HTTP/1.1 200 OK"
2023-10-12 22:42:16,570 - httpx - INFO - HTTP Request: GET http://testserver/cities/get/ "HTTP/1.1 200 OK"
2023-10-12 22:42:16,585 - httpx - INFO - HTTP Request: POST http://testserver/picnics/add/ "HTTP/1.1 200 OK"
2023-10-12 22:42:16,600 - httpx - INFO - HTTP Request: GET http://testserver/picnics/get/?past=false&picnic_datetime=2023-10-13T22%3A42%3A16 "HTTP/1.1 200 OK"
2023-10-12 22:42:37,447 - root - INFO - New City was has been added to DB
2023-10-12 22:42:37,922 - httpx - INFO - HTTP Request: POST http://testserver/cities/add/ "HTTP/1.1 200 OK"
2023-10-12 22:42:37,938 - httpx - INFO - HTTP Request: POST http://testserver/picnics/add/ "HTTP/1.1 200 OK"
2023-10-12 22:42:37,952 - httpx - INFO - HTTP Request: GET http://testserver/picnics/get/?past=false&picnic_datetime=2023-10-13T22%3A42%3A37 "HTTP/1.1 200 OK"
2023-10-12 22:44:00,414 - root - INFO - New City was has been added to DB
2023-10-12 22:44:00,783 - httpx - INFO - HTTP Request: POST http://testserver/cities/add/ "HTTP/1.1 200 OK"
2023-10-12 22:44:01,173 - httpx - INFO - HTTP Request: GET http://testserver/cities/get/ "HTTP/1.1 200 OK"
2023-10-12 22:44:01,189 - httpx - INFO - HTTP Request: POST http://testserver/picnics/add/ "HTTP/1.1 200 OK"
2023-10-12 22:44:01,205 - httpx - INFO - HTTP Request: GET http://testserver/picnics/get/?past=false&picnic_datetime=2023-10-13T22%3A44%3A01 "HTTP/1.1 200 OK"
2023-10-12 22:44:01,219 - httpx - INFO - HTTP Request: POST http://testserver/users/add/ "HTTP/1.1 200 OK"
2023-10-12 22:44:01,234 - httpx - INFO - HTTP Request: POST http://testserver/registration/add/ "HTTP/1.1 200 OK"
2023-10-12 22:44:01,245 - httpx - INFO - HTTP Request: GET http://testserver/users/get/?min_age=10&max_age=50 "HTTP/1.1 200 OK"
2023-10-12 22:45:37,658 - root - INFO - New City was has been added to DB
2023-10-12 22:45:38,055 - httpx - INFO - HTTP Request: POST http://testserver/cities/add/ "HTTP/1.1 200 OK"
2023-10-12 22:45:38,393 - httpx - INFO - HTTP Request: GET http://testserver/cities/get/ "HTTP/1.1 200 OK"
2023-10-12 22:45:38,417 - httpx - INFO - HTTP Request: POST http://testserver/picnics/add/ "HTTP/1.1 200 OK"
2023-10-12 22:45:38,432 - httpx - INFO - HTTP Request: GET http://testserver/picnics/get/?past=false&picnic_datetime=2023-10-13T22%3A45%3A38 "HTTP/1.1 200 OK"
2023-10-12 22:45:38,445 - httpx - INFO - HTTP Request: POST http://testserver/users/add/ "HTTP/1.1 200 OK"
2023-10-12 22:45:38,462 - httpx - INFO - HTTP Request: POST http://testserver/registration/add/ "HTTP/1.1 200 OK"
2023-10-12 22:45:38,474 - httpx - INFO - HTTP Request: GET http://testserver/users/get/?min_age=10&max_age=50 "HTTP/1.1 200 OK"
2023-10-12 22:45:59,829 - root - INFO - New City was has been added to DB
2023-10-12 22:46:00,161 - httpx - INFO - HTTP Request: POST http://testserver/cities/add/ "HTTP/1.1 200 OK"
2023-10-12 22:46:00,523 - httpx - INFO - HTTP Request: GET http://testserver/cities/get/ "HTTP/1.1 200 OK"
2023-10-12 22:46:00,547 - httpx - INFO - HTTP Request: POST http://testserver/picnics/add/ "HTTP/1.1 200 OK"
2023-10-12 22:46:00,562 - httpx - INFO - HTTP Request: GET http://testserver/picnics/get/?past=false&picnic_datetime=2023-10-13T22%3A46%3A00 "HTTP/1.1 200 OK"
2023-10-12 22:46:00,575 - httpx - INFO - HTTP Request: POST http://testserver/users/add/ "HTTP/1.1 200 OK"
2023-10-12 22:46:00,589 - httpx - INFO - HTTP Request: POST http://testserver/registration/add/ "HTTP/1.1 200 OK"
2023-10-12 22:46:00,600 - httpx - INFO - HTTP Request: GET http://testserver/users/get/?min_age=10&max_age=50 "HTTP/1.1 200 OK"
